[debug] [2025-08-06T15:04:00.037Z] ----------------------------------------------------------------------
[debug] [2025-08-06T15:04:00.040Z] Command:       C:\Program Files\nodejs\node.exe C:\Users\edint\AppData\Roaming\npm\node_modules\firebase-tools\lib\bin\firebase.js init hosting
[debug] [2025-08-06T15:04:00.041Z] CLI Version:   14.11.2
[debug] [2025-08-06T15:04:00.041Z] Platform:      win32
[debug] [2025-08-06T15:04:00.041Z] Node Version:  v22.16.0
[debug] [2025-08-06T15:04:00.042Z] Time:          Wed Aug 06 2025 17:04:00 GMT+0200 (Central European Summer Time)
[debug] [2025-08-06T15:04:00.042Z] ----------------------------------------------------------------------
[debug] 
[debug] [2025-08-06T15:04:00.408Z] > command requires scopes: ["email","openid","https://www.googleapis.com/auth/cloudplatformprojects.readonly","https://www.googleapis.com/auth/firebase","https://www.googleapis.com/auth/cloud-platform"]
[debug] [2025-08-06T15:04:00.410Z] > authorizing via signed-in user (edintufek11@gmail.com)
[info] 
     ######## #### ########  ######## ########     ###     ######  ########
     ##        ##  ##     ## ##       ##     ##  ##   ##  ##       ##
     ######    ##  ########  ######   ########  #########  ######  ######
     ##        ##  ##    ##  ##       ##     ## ##     ##       ## ##
     ##       #### ##     ## ######## ########  ##     ##  ######  ########

You're about to initialize a Firebase project in this directory:

  C:\Users\edint\Desktop\edintufek18.github.io

Before we get started, keep in mind:

  * You are initializing within an existing Firebase project directory

[info] 
=== Project Setup
[info] 
[info] First, let's associate this project directory with a Firebase project.
[info] You can create multiple project aliases by running firebase use --add, 
[info] but for now we'll just set up a default project.
[info] 
[debug] [2025-08-06T15:04:12.688Z] Using project from CLI flag: bookmanager3345353536763636663
[debug] [2025-08-06T15:04:12.691Z] Checked if tokens are valid: true, expires at: 1754495489290
[debug] [2025-08-06T15:04:12.691Z] Checked if tokens are valid: true, expires at: 1754495489290
[debug] [2025-08-06T15:04:12.693Z] >>> [apiv2][query] GET https://firebase.googleapis.com/v1beta1/projects/bookmanager3345353536763636663 [none]
[debug] [2025-08-06T15:04:21.773Z] <<< [apiv2][status] GET https://firebase.googleapis.com/v1beta1/projects/bookmanager3345353536763636663 200
[debug] [2025-08-06T15:04:21.773Z] <<< [apiv2][body] GET https://firebase.googleapis.com/v1beta1/projects/bookmanager3345353536763636663 {"projectId":"bookmanager3345353536763636663","projectNumber":"854832512169","displayName":"bookmanager3345353536763636663","name":"projects/bookmanager3345353536763636663","resources":{"hostingSite":"bookmanager3345353536763636663"},"state":"ACTIVE","etag":"1_c40c222a-0bf0-4721-8e2b-c06eb35e3e07"}
[info] i  Using project bookmanager3345353536763636663 (bookmanager3345353536763636663) 
[info] 
=== Hosting Setup
[debug] [2025-08-06T15:04:21.790Z] Checked if tokens are valid: true, expires at: 1754495489290
[debug] [2025-08-06T15:04:21.790Z] Checked if tokens are valid: true, expires at: 1754495489290
[debug] [2025-08-06T15:04:21.790Z] >>> [apiv2][query] GET https://firebase.googleapis.com/v1beta1/projects/bookmanager3345353536763636663 [none]
[debug] [2025-08-06T15:04:23.201Z] <<< [apiv2][status] GET https://firebase.googleapis.com/v1beta1/projects/bookmanager3345353536763636663 200
[debug] [2025-08-06T15:04:23.201Z] <<< [apiv2][body] GET https://firebase.googleapis.com/v1beta1/projects/bookmanager3345353536763636663 {"projectId":"bookmanager3345353536763636663","projectNumber":"854832512169","displayName":"bookmanager3345353536763636663","name":"projects/bookmanager3345353536763636663","resources":{"hostingSite":"bookmanager3345353536763636663"},"state":"ACTIVE","etag":"1_c40c222a-0bf0-4721-8e2b-c06eb35e3e07"}
[info] 
[info] Your public directory is the folder (relative to your project directory) that
[info] will contain Hosting assets to be uploaded with firebase deploy. If you
[info] have a build process for your assets, use your build's output directory.
[info] 
[debug] [2025-08-06T15:04:30.777Z] ExitPromptError: User force closed the prompt with SIGINT
    at Interface.sigint (C:\Users\edint\AppData\Roaming\npm\node_modules\firebase-tools\node_modules\@inquirer\core\dist\commonjs\lib\create-prompt.js:101:37)
    at Interface.emit (node:events:518:28)
    at Interface.emit (node:domain:489:12)
    at [_ttyWrite] [as _ttyWrite] (node:internal/readline/interface:1128:18)
    at ReadStream.onkeypress (node:internal/readline/interface:267:20)
    at ReadStream.emit (node:events:530:35)
    at ReadStream.emit (node:domain:489:12)
    at emitKeys (node:internal/readline/utils:370:14)
    at emitKeys.next (<anonymous>)
    at ReadStream.onData (node:internal/readline/emitKeypressEvents:64:36)
[error] 
[error] Error: An unexpected error has occurred.
